host: sgodette.local
Building DAG of jobs...
Using shell: /bin/bash
Provided cores: 8
Rules claiming more threads will be scaled down.
Job stats:
job          count
---------  -------
all              1
fastp            1
fastqc           1
laod_data        3
total            6

Select jobs to execute...
Execute 3 jobs...

[Sun Jan  5 00:57:33 2025]
localrule laod_data:
    output: /Users/sg/Documents/micromake/results/data/ftp://ftp.sra.ebi.ac.uk/vol1/fastq/ERR307/002/ERR3077932/ERR3077932_1.fastq.gz
    jobid: 4
    reason: Missing output files: /Users/sg/Documents/micromake/results/data/ftp://ftp.sra.ebi.ac.uk/vol1/fastq/ERR307/002/ERR3077932/ERR3077932_1.fastq.gz
    wildcards: sample=ftp://ftp.sra.ebi.ac.uk/vol1/fastq/ERR307/002/ERR3077932/ERR3077932_1.fastq.gz
    resources: tmpdir=/var/folders/fk/ftbf2rrs5lv2cvwbp68vdv5r0000gn/T

[Sun Jan  5 00:57:33 2025]
localrule laod_data:
    output: /Users/sg/Documents/micromake/results/data/ERR246969.fastq
    jobid: 3
    reason: Missing output files: /Users/sg/Documents/micromake/results/data/ERR246969.fastq
    wildcards: sample=ERR246969.fastq
    resources: tmpdir=/var/folders/fk/ftbf2rrs5lv2cvwbp68vdv5r0000gn/T

[Sun Jan  5 00:57:33 2025]
localrule laod_data:
    output: /Users/sg/Documents/micromake/results/data/ERR246975.fastq
    jobid: 2
    reason: Missing output files: /Users/sg/Documents/micromake/results/data/ERR246975.fastq
    wildcards: sample=ERR246975.fastq
    resources: tmpdir=/var/folders/fk/ftbf2rrs5lv2cvwbp68vdv5r0000gn/T

Waiting at most 5 seconds for missing files.
MissingOutputException in rule laod_data in file /Users/sg/Documents/micromake/workflows/rules/qc.smk, line 5:
Job 4  completed successfully, but some output files are missing. Missing files after 5 seconds. This might be due to filesystem latency. If that is the case, consider to increase the wait time with --latency-wait:
/Users/sg/Documents/micromake/results/data/ftp://ftp.sra.ebi.ac.uk/vol1/fastq/ERR307/002/ERR3077932/ERR3077932_1.fastq.gz (missing locally, parent dir contents: )
Waiting at most 5 seconds for missing files.
MissingOutputException in rule laod_data in file /Users/sg/Documents/micromake/workflows/rules/qc.smk, line 5:
Job 2  completed successfully, but some output files are missing. Missing files after 5 seconds. This might be due to filesystem latency. If that is the case, consider to increase the wait time with --latency-wait:
/Users/sg/Documents/micromake/results/data/ERR246975.fastq (missing locally, parent dir contents: ERR246969_R1.fastq, ERR246975_R1.fastq, .DS_Store, ERR246969_R2.fastq, ERR246975_R2.fastq, ftp:, ERR3077932_R1.fastq.gz)
Waiting at most 5 seconds for missing files.
MissingOutputException in rule laod_data in file /Users/sg/Documents/micromake/workflows/rules/qc.smk, line 5:
Job 3  completed successfully, but some output files are missing. Missing files after 5 seconds. This might be due to filesystem latency. If that is the case, consider to increase the wait time with --latency-wait:
/Users/sg/Documents/micromake/results/data/ERR246969.fastq (missing locally, parent dir contents: ERR246969_R1.fastq, ERR246975_R1.fastq, .DS_Store, ERR246969_R2.fastq, ERR246975_R2.fastq, ftp:, ERR3077932_R1.fastq.gz)
Shutting down, this might take some time.
Exiting because a job execution failed. Look above for error message
Complete log: .snakemake/log/2025-01-05T005733.432388.snakemake.log
WorkflowError:
At least one job did not complete successfully.
