host: sgodette.local
Building DAG of jobs...
Using shell: /bin/bash
Provided cores: 8
Rules claiming more threads will be scaled down.
Job stats:
job               count
--------------  -------
all                   1
fastp                 1
get_fastp_cmds        1
total                 3

Select jobs to execute...
Execute 1 jobs...

[Sun Jan  5 00:24:40 2025]
localrule get_fastp_cmds:
    output: /Users/sg/Documents/micromake/temp/fastp_cmds.txt
    jobid: 3
    reason: Missing output files: /Users/sg/Documents/micromake/temp/fastp_cmds.txt
    resources: tmpdir=/var/folders/fk/ftbf2rrs5lv2cvwbp68vdv5r0000gn/T

[Sun Jan  5 00:24:40 2025]
Error in rule get_fastp_cmds:
    jobid: 3
    output: /Users/sg/Documents/micromake/temp/fastp_cmds.txt

Shutting down, this might take some time.
Exiting because a job execution failed. Look above for error message
Complete log: .snakemake/log/2025-01-05T002440.121007.snakemake.log
WorkflowError:
At least one job did not complete successfully.
