host: eduroam-prg-lm-1-18-196.net.univ-paris-diderot.fr
Building DAG of jobs...
Using shell: /bin/bash
Provided cores: 8
Rules claiming more threads will be scaled down.
Job stats:
job             count
------------  -------
all                 1
get_map_cmds        1
total               2

Select jobs to execute...
Execute 1 jobs...

[Mon Jan  6 16:15:42 2025]
localrule get_map_cmds:
    output: /Users/sg/Documents/micromake/temp/fastp_cmds.txt
    jobid: 1
    reason: Missing output files: /Users/sg/Documents/micromake/temp/fastp_cmds.txt
    resources: tmpdir=/var/folders/fk/ftbf2rrs5lv2cvwbp68vdv5r0000gn/T

[Mon Jan  6 16:15:43 2025]
Finished job 1.
1 of 2 steps (50%) done
Select jobs to execute...
Execute 1 jobs...

[Mon Jan  6 16:15:43 2025]
localrule all:
    input: /Users/sg/Documents/micromake/temp/fastp_cmds.txt
    jobid: 0
    reason: Input files updated by another job: /Users/sg/Documents/micromake/temp/fastp_cmds.txt
    resources: tmpdir=/var/folders/fk/ftbf2rrs5lv2cvwbp68vdv5r0000gn/T

[Mon Jan  6 16:15:43 2025]
Finished job 0.
2 of 2 steps (100%) done
Complete log: .snakemake/log/2025-01-06T161542.915418.snakemake.log
