host: sgodette.local
Building DAG of jobs...
Using shell: /bin/bash
Provided cores: 8
Rules claiming more threads will be scaled down.
Job stats:
job               count
--------------  -------
all                   1
fastp                 1
fastqc                1
get_fastp_cmds        1
laod_data             3
total                 7

Select jobs to execute...
Execute 4 jobs...

[Sun Jan  5 00:55:53 2025]
localrule laod_data:
    output: /Users/sg/Documents/micromake/results/data/ftp://ftp.sra.ebi.ac.uk/vol1/fastq/ERR307/002/ERR3077932/ERR3077932_1.fastq.gz
    jobid: 4
    reason: Missing output files: /Users/sg/Documents/micromake/results/data/ftp://ftp.sra.ebi.ac.uk/vol1/fastq/ERR307/002/ERR3077932/ERR3077932_1.fastq.gz
    wildcards: sample=ftp://ftp.sra.ebi.ac.uk/vol1/fastq/ERR307/002/ERR3077932/ERR3077932_1.fastq.gz
    resources: tmpdir=/var/folders/fk/ftbf2rrs5lv2cvwbp68vdv5r0000gn/T

[Sun Jan  5 00:55:53 2025]
localrule laod_data:
    output: /Users/sg/Documents/micromake/results/data/ERR246969.fastq
    jobid: 3
    reason: Missing output files: /Users/sg/Documents/micromake/results/data/ERR246969.fastq
    wildcards: sample=ERR246969.fastq
    resources: tmpdir=/var/folders/fk/ftbf2rrs5lv2cvwbp68vdv5r0000gn/T

[Sun Jan  5 00:55:53 2025]
localrule laod_data:
    output: /Users/sg/Documents/micromake/results/data/ERR246975.fastq
    jobid: 2
    reason: Missing output files: /Users/sg/Documents/micromake/results/data/ERR246975.fastq
    wildcards: sample=ERR246975.fastq
    resources: tmpdir=/var/folders/fk/ftbf2rrs5lv2cvwbp68vdv5r0000gn/T


[Sun Jan  5 00:55:53 2025]
localrule get_fastp_cmds:
    output: /Users/sg/Documents/micromake/temp/fastp_cmds.txt
    jobid: 6
    reason: Missing output files: /Users/sg/Documents/micromake/temp/fastp_cmds.txt
    resources: tmpdir=/var/folders/fk/ftbf2rrs5lv2cvwbp68vdv5r0000gn/T

RuleException:
WorkflowError in file /Users/sg/Documents/micromake/workflows/rules/qc.smk, line 9:
Failed to open source file /Users/sg/Documents/micromake/scripts/download.sh
FileNotFoundError: [Errno 2] No such file or directory: '/Users/sg/Documents/micromake/scripts/download.sh'
[Sun Jan  5 00:55:53 2025]
Error in rule laod_data:
    jobid: 4
    output: /Users/sg/Documents/micromake/results/data/ftp://ftp.sra.ebi.ac.uk/vol1/fastq/ERR307/002/ERR3077932/ERR3077932_1.fastq.gz

RuleException:
WorkflowError in file /Users/sg/Documents/micromake/workflows/rules/qc.smk, line 9:
Failed to open source file /Users/sg/Documents/micromake/scripts/download.sh
FileNotFoundError: [Errno 2] No such file or directory: '/Users/sg/Documents/micromake/scripts/download.sh'
[Sun Jan  5 00:55:53 2025]
Error in rule laod_data:
    jobid: 2
    output: /Users/sg/Documents/micromake/results/data/ERR246975.fastq

RuleException:
WorkflowError in file /Users/sg/Documents/micromake/workflows/rules/qc.smk, line 9:
Failed to open source file /Users/sg/Documents/micromake/scripts/download.sh
FileNotFoundError: [Errno 2] No such file or directory: '/Users/sg/Documents/micromake/scripts/download.sh'
[Sun Jan  5 00:55:53 2025]
Error in rule laod_data:
    jobid: 3
    output: /Users/sg/Documents/micromake/results/data/ERR246969.fastq

[Sun Jan  5 00:55:53 2025]
Finished job 6.
1 of 7 steps (14%) done
Shutting down, this might take some time.
Exiting because a job execution failed. Look above for error message
Complete log: .snakemake/log/2025-01-05T005551.966260.snakemake.log
WorkflowError:
At least one job did not complete successfully.
