host: sgodette.local
Building DAG of jobs...
Using shell: /bin/bash
Provided cores: 8
Rules claiming more threads will be scaled down.
Job stats:
job      count
-----  -------
all          1
fastp        1
total        2

Select jobs to execute...
Execute 1 jobs...

[Sat Jan  4 23:42:55 2025]
Job 1: Running FASTP on /Users/sg/Documents/micromake/results/data/ERR246969_R1.fastq /Users/sg/Documents/micromake/results/data/ERR246975_R1.fastq /Users/sg/Documents/micromake/results/data/ERR246969_R2.fastq /Users/sg/Documents/micromake/results/data/ERR246975_R2.fastq /Users/sg/Documents/micromake/temp/fastp_cmds.txt
Reason: Missing output files: /Users/sg/Documents/micromake/results/fastp/ERR246975_R1.fastq, /Users/sg/Documents/micromake/results/fastp/ERR246969_R2.fastq, /Users/sg/Documents/micromake/results/fastp/ERR246969_R1.fastq, /Users/sg/Documents/micromake/results/fastp/ERR246975_R2.fastq

[Sat Jan  4 23:43:39 2025]
Finished job 1.
1 of 2 steps (50%) done
Removing temporary output /Users/sg/Documents/micromake/temp/fastp_cmds.txt.
Select jobs to execute...
Execute 1 jobs...

[Sat Jan  4 23:43:39 2025]
localrule all:
    input: /Users/sg/Documents/micromake/results/fastp/ERR246975_R2.fastq, /Users/sg/Documents/micromake/results/fastp/ERR246975_R1.fastq, /Users/sg/Documents/micromake/results/fastp/ERR246969_R2.fastq, /Users/sg/Documents/micromake/results/fastp/ERR246969_R1.fastq
    jobid: 0
    reason: Input files updated by another job: /Users/sg/Documents/micromake/results/fastp/ERR246975_R1.fastq, /Users/sg/Documents/micromake/results/fastp/ERR246969_R1.fastq, /Users/sg/Documents/micromake/results/fastp/ERR246969_R2.fastq, /Users/sg/Documents/micromake/results/fastp/ERR246975_R2.fastq
    resources: tmpdir=/var/folders/fk/ftbf2rrs5lv2cvwbp68vdv5r0000gn/T

[Sat Jan  4 23:43:39 2025]
Finished job 0.
2 of 2 steps (100%) done
Complete log: .snakemake/log/2025-01-04T234255.082526.snakemake.log
