host: sgodette.local
Building DAG of jobs...
Using shell: /bin/bash
Provided cores: 8
Rules claiming more threads will be scaled down.
Job stats:
job       count
------  -------
all           1
fastqc        1
total         2

Select jobs to execute...
Execute 1 jobs...

[Sun Jan  5 03:17:32 2025]
Job 1: Running FASTQC with on /Users/sg/Documents/micromake/results/data/ERR246975_R1.fastq /Users/sg/Documents/micromake/results/data/ERR246975_R2.fastq /Users/sg/Documents/micromake/results/data/ERR246969_R1.fastq /Users/sg/Documents/micromake/results/data/ERR246969_R2.fastq /Users/sg/Documents/micromake/results/data/ERR3077932_R1.fastq.gz /Users/sg/Documents/micromake/results/data/ERR3077932_R2.fastq.gz
Reason: Missing output files: results/fastqc/ERR246969_R2_fastqc.html, results/fastqc/ERR246975_R2_fastqc.zip, results/fastqc/ERR3077932_R2_fastqc.html, results/fastqc/ERR246975_R1_fastqc.zip, results/fastqc/ERR3077932_R1_fastqc.zip, results/fastqc/ERR246969_R1_fastqc.html, results/fastqc/ERR3077932_R2_fastqc.zip, results/fastqc/ERR246969_R2_fastqc.zip, results/fastqc/ERR246969_R1_fastqc.zip, results/fastqc/ERR246975_R1_fastqc.html, results/fastqc/ERR3077932_R1_fastqc.html, results/fastqc/ERR246975_R2_fastqc.html

[Sun Jan  5 03:19:47 2025]
Finished job 1.
1 of 2 steps (50%) done
Select jobs to execute...
Execute 1 jobs...

[Sun Jan  5 03:19:47 2025]
localrule all:
    input: results/fastqc/ERR246969_R1_fastqc.html, results/fastqc/ERR246975_R1_fastqc.html, results/fastqc/ERR3077932_R1_fastqc.html, results/fastqc/ERR246969_R1_fastqc.zip, results/fastqc/ERR246975_R1_fastqc.zip, results/fastqc/ERR3077932_R1_fastqc.zip, results/fastqc/ERR246969_R2_fastqc.html, results/fastqc/ERR246975_R2_fastqc.html, results/fastqc/ERR3077932_R2_fastqc.html, results/fastqc/ERR246969_R2_fastqc.zip, results/fastqc/ERR246975_R2_fastqc.zip, results/fastqc/ERR3077932_R2_fastqc.zip, /Users/sg/Documents/micromake/results/fastp/ERR246975_R2.fastq, /Users/sg/Documents/micromake/results/fastp/ERR246969_R1.fastq, /Users/sg/Documents/micromake/results/fastp/ERR3077932_R1.fastq.gz, /Users/sg/Documents/micromake/results/fastp/ERR246975_R1.fastq, /Users/sg/Documents/micromake/results/fastp/ERR3077932_R2.fastq.gz, /Users/sg/Documents/micromake/results/fastp/ERR246969_R2.fastq, /Users/sg/Documents/micromake/results/fastp/fastp.json, /Users/sg/Documents/micromake/results/fastp/fastp.html
    jobid: 0
    reason: Input files updated by another job: results/fastqc/ERR246969_R2_fastqc.html, results/fastqc/ERR246975_R2_fastqc.zip, results/fastqc/ERR3077932_R2_fastqc.html, results/fastqc/ERR3077932_R1_fastqc.zip, results/fastqc/ERR3077932_R2_fastqc.zip, results/fastqc/ERR246969_R2_fastqc.zip, results/fastqc/ERR246969_R1_fastqc.zip, results/fastqc/ERR246975_R1_fastqc.zip, results/fastqc/ERR246969_R1_fastqc.html, results/fastqc/ERR246975_R1_fastqc.html, results/fastqc/ERR3077932_R1_fastqc.html, results/fastqc/ERR246975_R2_fastqc.html
    resources: tmpdir=/var/folders/fk/ftbf2rrs5lv2cvwbp68vdv5r0000gn/T

[Sun Jan  5 03:19:47 2025]
Finished job 0.
2 of 2 steps (100%) done
Complete log: .snakemake/log/2025-01-05T031732.609878.snakemake.log
