host: eduroam-prg-lm-1-18-196.net.univ-paris-diderot.fr
Building DAG of jobs...
Using shell: /bin/bash
Provided cores: 8
Rules claiming more threads will be scaled down.
Job stats:
job             count
------------  -------
all                 1
get_map_cmds        1
total               2

Select jobs to execute...
Execute 1 jobs...

[Mon Jan  6 15:46:10 2025]
localrule get_map_cmds:
    output: /Users/sg/Documents/micromake/temp/map.txt
    jobid: 5
    reason: Missing output files: /Users/sg/Documents/micromake/temp/map.txt
    resources: tmpdir=/var/folders/fk/ftbf2rrs5lv2cvwbp68vdv5r0000gn/T

[Mon Jan  6 15:46:10 2025]
Error in rule get_map_cmds:
    jobid: 5
    output: /Users/sg/Documents/micromake/temp/map.txt

Shutting down, this might take some time.
Exiting because a job execution failed. Look above for error message
Complete log: .snakemake/log/2025-01-06T154610.418857.snakemake.log
WorkflowError:
At least one job did not complete successfully.
