host: sgodette.local
Building DAG of jobs...
Using shell: /bin/bash
Provided cores: 8
Rules claiming more threads will be scaled down.
Job stats:
job               count
--------------  -------
all                   1
fastp                 1
get_fastp_cmds        1
total                 3

Select jobs to execute...
Execute 1 jobs...

[Sun Jan  5 00:25:57 2025]
localrule get_fastp_cmds:
    output: /Users/sg/Documents/micromake/temp/fastp_cmds.txt
    jobid: 3
    reason: Missing output files: /Users/sg/Documents/micromake/temp/fastp_cmds.txt
    resources: tmpdir=/var/folders/fk/ftbf2rrs5lv2cvwbp68vdv5r0000gn/T

[Sun Jan  5 00:25:57 2025]
Finished job 3.
1 of 3 steps (33%) done
Select jobs to execute...
Execute 1 jobs...

[Sun Jan  5 00:25:57 2025]
Job 2: Running FASTP on /Users/sg/Documents/micromake/results/data/ERR246969_R1.fastq /Users/sg/Documents/micromake/results/data/ERR246975_R1.fastq /Users/sg/Documents/micromake/results/data/ERR246969_R2.fastq /Users/sg/Documents/micromake/results/data/ERR246975_R2.fastq /Users/sg/Documents/micromake/temp/fastp_cmds.txt
Reason: Missing output files: /Users/sg/Documents/micromake/results/fastp/fastp.html, /Users/sg/Documents/micromake/results/fastp/fastp.json; Input files updated by another job: /Users/sg/Documents/micromake/temp/fastp_cmds.txt

[Sun Jan  5 00:26:41 2025]
Finished job 2.
2 of 3 steps (67%) done
Removing temporary output /Users/sg/Documents/micromake/temp/fastp_cmds.txt.
Select jobs to execute...
Execute 1 jobs...

[Sun Jan  5 00:26:41 2025]
localrule all:
    input: results/fastqc/ERR246975_R1_fastqc.html, results/fastqc/ERR246969_R1_fastqc.html, results/fastqc/ERR246975_R1_fastqc.zip, results/fastqc/ERR246969_R1_fastqc.zip, results/fastqc/ERR246975_R2_fastqc.html, results/fastqc/ERR246969_R2_fastqc.html, results/fastqc/ERR246975_R2_fastqc.zip, results/fastqc/ERR246969_R2_fastqc.zip, /Users/sg/Documents/micromake/results/fastp/ERR246975_R2.fastq, /Users/sg/Documents/micromake/results/fastp/ERR246975_R1.fastq, /Users/sg/Documents/micromake/results/fastp/ERR246969_R1.fastq, /Users/sg/Documents/micromake/results/fastp/ERR246969_R2.fastq, /Users/sg/Documents/micromake/results/fastp/fastp.json, /Users/sg/Documents/micromake/results/fastp/fastp.html
    jobid: 0
    reason: Input files updated by another job: /Users/sg/Documents/micromake/results/fastp/ERR246969_R2.fastq, /Users/sg/Documents/micromake/results/fastp/ERR246975_R2.fastq, /Users/sg/Documents/micromake/results/fastp/fastp.html, /Users/sg/Documents/micromake/results/fastp/ERR246975_R1.fastq, /Users/sg/Documents/micromake/results/fastp/ERR246969_R1.fastq, /Users/sg/Documents/micromake/results/fastp/fastp.json
    resources: tmpdir=/var/folders/fk/ftbf2rrs5lv2cvwbp68vdv5r0000gn/T

[Sun Jan  5 00:26:41 2025]
Finished job 0.
3 of 3 steps (100%) done
Complete log: .snakemake/log/2025-01-05T002557.139132.snakemake.log
